build/app/intermediates/manifest_merge_blame_file/debug/manifest-merger-blame-debug-report.txt
1<?xml version="1.0" encoding="utf-8"?>
2<manifest xmlns:android="http://schemas.android.com/apk/res/android"
3    package="com.magadh.marketing"
4    android:versionCode="23"
5    android:versionName="1.0.8" >
6
7    <uses-sdk
8        android:minSdkVersion="21"
9        android:targetSdkVersion="33" />
10    <!--
11         The INTERNET permission is required for development. Specifically,
12         the Flutter tool needs it to communicate with the running application
13         to allow setting breakpoints, to provide hot reload, etc.
14    -->
15    <uses-permission android:name="android.permission.INTERNET" />
15-->src/debug/AndroidManifest.xml:6:5-66
15-->src/debug/AndroidManifest.xml:6:22-64
16    <uses-permission android:name="android.permission.FOREGROUND_SERVICE" />
16-->src/main/AndroidManifest.xml:3:5-77
16-->src/main/AndroidManifest.xml:3:22-74
17    <uses-permission android:name="android.permission.CAMERA" />
17-->src/main/AndroidManifest.xml:4:5-65
17-->src/main/AndroidManifest.xml:4:22-62
18    <uses-permission android:name="android.permission.ACCESS_COARSE_LOCATION" />
18-->src/main/AndroidManifest.xml:5:5-81
18-->src/main/AndroidManifest.xml:5:22-78
19    <uses-permission android:name="android.permission.ACCESS_FINE_LOCATION" />
19-->src/main/AndroidManifest.xml:6:5-79
19-->src/main/AndroidManifest.xml:6:22-76
20    <uses-permission android:name="android.permission.RECEIVE_BOOT_COMPLETED" />
20-->src/main/AndroidManifest.xml:7:5-81
20-->src/main/AndroidManifest.xml:7:22-78
21    <uses-permission android:name="android.permission.RECORD_AUDIO" />
21-->src/main/AndroidManifest.xml:8:5-71
21-->src/main/AndroidManifest.xml:8:22-68
22
23    <queries>
23-->src/main/AndroidManifest.xml:9:5-14:15
24        <intent>
24-->src/main/AndroidManifest.xml:10:9-13:18
25            <action android:name="android.intent.action.SENDTO" />
25-->src/main/AndroidManifest.xml:11:13-67
25-->src/main/AndroidManifest.xml:11:21-64
26
27            <data android:scheme="smsto" />
27-->src/main/AndroidManifest.xml:12:13-44
27-->src/main/AndroidManifest.xml:12:19-41
28        </intent>
29        <intent>
29-->[:file_picker] AndroidManifest.xml:12:9-16:18
30            <action android:name="android.intent.action.GET_CONTENT" />
30-->[:file_picker] AndroidManifest.xml:13:13-72
30-->[:file_picker] AndroidManifest.xml:13:21-69
31
32            <data android:mimeType="*/*" />
32-->src/main/AndroidManifest.xml:12:13-44
33        </intent> <!-- Needs to be explicitly declared on Android R+ -->
34        <package android:name="com.google.android.apps.maps" />
34-->[com.google.android.gms:play-services-maps:18.1.0] AndroidManifest.xml:33:9-64
34-->[com.google.android.gms:play-services-maps:18.1.0] AndroidManifest.xml:33:18-61
35    </queries>
36
37    <uses-permission android:name="carrier privileges" />
37-->src/main/AndroidManifest.xml:15:5-58
37-->src/main/AndroidManifest.xml:15:22-55
38    <uses-permission android:name="android.permission.WAKE_LOCK" />
38-->[:firebase_messaging] AndroidManifest.xml:10:5-68
38-->[:firebase_messaging] AndroidManifest.xml:10:22-65
39    <uses-permission android:name="android.permission.ACCESS_NETWORK_STATE" /> <!-- Permissions options for the `notification` group -->
39-->[:firebase_messaging] AndroidManifest.xml:11:5-79
39-->[:firebase_messaging] AndroidManifest.xml:11:22-76
40    <uses-permission android:name="android.permission.POST_NOTIFICATIONS" />
40-->[:firebase_messaging] AndroidManifest.xml:13:5-77
40-->[:firebase_messaging] AndroidManifest.xml:13:22-74
41    <uses-permission android:name="android.permission.VIBRATE" />
41-->[:flutter_local_notifications] AndroidManifest.xml:10:5-66
41-->[:flutter_local_notifications] AndroidManifest.xml:10:22-63
42    <uses-permission android:name="android.permission.USE_FULL_SCREEN_INTENT" />
42-->[:flutter_local_notifications] AndroidManifest.xml:11:5-81
42-->[:flutter_local_notifications] AndroidManifest.xml:11:22-78
43    <uses-permission android:name="android.permission.SCHEDULE_EXACT_ALARM" />
43-->[:flutter_local_notifications] AndroidManifest.xml:12:5-79
43-->[:flutter_local_notifications] AndroidManifest.xml:12:22-76
44    <uses-permission android:name="android.permission.READ_EXTERNAL_STORAGE" />
44-->[:file_picker] AndroidManifest.xml:9:5-80
44-->[:file_picker] AndroidManifest.xml:9:22-77
45    <uses-permission android:name="android.permission.WRITE_EXTERNAL_STORAGE" />
46    <uses-permission android:name="android.permission.READ_PHONE_STATE" />
47    <uses-permission android:name="android.permission.BLUETOOTH" />
47-->[com.github.canardoux:flutter_sound_core:9.2.13] AndroidManifest.xml:11:5-68
47-->[com.github.canardoux:flutter_sound_core:9.2.13] AndroidManifest.xml:11:22-65
48    <uses-permission android:name="android.permission.MODIFY_AUDIO_SETTINGS" />
48-->[com.github.canardoux:flutter_sound_core:9.2.13] AndroidManifest.xml:13:5-80
48-->[com.github.canardoux:flutter_sound_core:9.2.13] AndroidManifest.xml:13:22-77
49
50    <uses-feature
50-->[com.google.android.gms:play-services-maps:18.1.0] AndroidManifest.xml:26:5-28:35
51        android:glEsVersion="0x00020000"
51-->[com.google.android.gms:play-services-maps:18.1.0] AndroidManifest.xml:27:9-41
52        android:required="true" /> <!-- Required by older versions of Google Play services to create IID tokens -->
52-->[com.google.android.gms:play-services-maps:18.1.0] AndroidManifest.xml:28:9-32
53    <uses-permission android:name="com.google.android.c2dm.permission.RECEIVE" />
53-->[com.google.firebase:firebase-messaging:23.1.1] AndroidManifest.xml:28:5-82
53-->[com.google.firebase:firebase-messaging:23.1.1] AndroidManifest.xml:28:22-79
54    <uses-permission android:name="com.google.android.gms.permission.AD_ID" />
54-->[com.google.android.gms:play-services-measurement-api:21.2.0] AndroidManifest.xml:25:5-79
54-->[com.google.android.gms:play-services-measurement-api:21.2.0] AndroidManifest.xml:25:22-76
55    <uses-permission android:name="com.google.android.finsky.permission.BIND_GET_INSTALL_REFERRER_SERVICE" />
55-->[com.google.android.gms:play-services-measurement:21.2.0] AndroidManifest.xml:26:5-110
55-->[com.google.android.gms:play-services-measurement:21.2.0] AndroidManifest.xml:26:22-107
56
57    <permission
57-->[androidx.core:core:1.9.0] AndroidManifest.xml:22:5-24:47
58        android:name="com.magadh.marketing.DYNAMIC_RECEIVER_NOT_EXPORTED_PERMISSION"
58-->[androidx.core:core:1.9.0] AndroidManifest.xml:23:9-81
59        android:protectionLevel="signature" />
59-->[androidx.core:core:1.9.0] AndroidManifest.xml:24:9-44
60
61    <uses-permission android:name="com.magadh.marketing.DYNAMIC_RECEIVER_NOT_EXPORTED_PERMISSION" />
61-->[androidx.core:core:1.9.0] AndroidManifest.xml:26:5-97
61-->[androidx.core:core:1.9.0] AndroidManifest.xml:26:22-94
62
63    <application
64        android:name="android.app.Application"
65        android:appComponentFactory="androidx.core.app.CoreComponentFactory"
65-->[androidx.core:core:1.9.0] AndroidManifest.xml:28:18-86
66        android:debuggable="true"
67        android:exported="true"
68        android:icon="@mipmap/launcher_icon"
69        android:label="Marketing"
70        android:requestLegacyExternalStorage="true" >
71        <service
72            android:name="dev.fluttercommunity.plus.androidalarmmanager.AlarmService"
73            android:exported="false"
74            android:permission="android.permission.BIND_JOB_SERVICE" />
75
76        <receiver
77            android:name="dev.fluttercommunity.plus.androidalarmmanager.AlarmBroadcastReceiver"
78            android:exported="false" />
79        <receiver
80            android:name="dev.fluttercommunity.plus.androidalarmmanager.RebootBroadcastReceiver"
81            android:enabled="false"
82            android:exported="false" >
83            <intent-filter>
84                <action android:name="android.intent.action.BOOT_COMPLETED" />
84-->[:flutter_local_notifications] AndroidManifest.xml:23:17-79
84-->[:flutter_local_notifications] AndroidManifest.xml:23:25-76
85            </intent-filter>
86        </receiver>
87        <receiver
88            android:name="com.dexterous.flutterlocalnotifications.ScheduledNotificationBootReceiver"
89            android:exported="false" >
89-->[:flutter_local_notifications] AndroidManifest.xml:21:13-37
90            <intent-filter>
91                <action android:name="android.intent.action.BOOT_COMPLETED" />
91-->[:flutter_local_notifications] AndroidManifest.xml:23:17-79
91-->[:flutter_local_notifications] AndroidManifest.xml:23:25-76
92                <action android:name="android.intent.action.MY_PACKAGE_REPLACED" />
92-->[:flutter_local_notifications] AndroidManifest.xml:24:17-84
92-->[:flutter_local_notifications] AndroidManifest.xml:24:25-81
93            </intent-filter>
94            <intent-filter>
94-->[:flutter_local_notifications] AndroidManifest.xml:22:13-27:29
95                <action android:name="android.intent.action.BOOT_COMPLETED" />
95-->[:flutter_local_notifications] AndroidManifest.xml:23:17-79
95-->[:flutter_local_notifications] AndroidManifest.xml:23:25-76
96                <action android:name="android.intent.action.MY_PACKAGE_REPLACED" />
96-->[:flutter_local_notifications] AndroidManifest.xml:24:17-84
96-->[:flutter_local_notifications] AndroidManifest.xml:24:25-81
97                <action android:name="android.intent.action.QUICKBOOT_POWERON" />
97-->[:flutter_local_notifications] AndroidManifest.xml:25:17-82
97-->[:flutter_local_notifications] AndroidManifest.xml:25:25-79
98                <action android:name="com.htc.intent.action.QUICKBOOT_POWERON" />
98-->[:flutter_local_notifications] AndroidManifest.xml:26:17-82
98-->[:flutter_local_notifications] AndroidManifest.xml:26:25-79
99            </intent-filter>
100        </receiver>
101
102        <meta-data
103            android:name="firebase_messaging_auto_init_enabled"
104            android:value="false" />
105        <meta-data
106            android:name="firebase_analytics_collection_enabled"
107            android:value="false" />
108        <meta-data
109            android:name="com.google.android.geo.API_KEY"
110            android:value="AIzaSyDC39hfMT9JMv8M7HkITjgCiTwXYAtxM00" />
111
112        <activity
113            android:name="com.magadh.marketing.MainActivity"
114            android:configChanges="orientation|keyboardHidden|keyboard|screenSize|smallestScreenSize|locale|layoutDirection|fontScale|screenLayout|density|uiMode"
115            android:exported="true"
116            android:hardwareAccelerated="true"
117            android:launchMode="singleTop"
118            android:showWhenLocked="true"
119            android:theme="@style/LaunchTheme"
120            android:turnScreenOn="true"
121            android:windowSoftInputMode="adjustResize" >
122
123            <!--
124            Specifies an Android theme to apply to this Activity as soon as
125                 the
126            Android process has started. This theme is visible to the user
127                 while
128            the Flutter UI initializes. After that, this theme continues
129                 to
130            determine the Window background behind the Flutter UI.
131            -->
132            <meta-data
133                android:name="io.flutter.embedding.android.NormalTheme"
134                android:resource="@style/NormalTheme" />
135            <meta-data
136                android:name="com.google.firebase.messaging.default_notification_channel_id"
137                android:value="frenzycoder" />
138
139            <intent-filter>
140                <action android:name="android.intent.action.MAIN" />
141
142                <category android:name="android.intent.category.LAUNCHER" />
143            </intent-filter>
144            <intent-filter>
145                <action android:name="FLUTTER_NOTIFICATION_CLICK" />
146
147                <category android:name="android.intent.category.DEFAULT" />
148            </intent-filter>
149        </activity>
150        <!--
151        Don't delete the meta-data below.
152             This is used by the Flutter tool to
153        generate GeneratedPluginRegistrant.java
154        -->
155        <meta-data
156            android:name="flutterEmbedding"
157            android:value="2" />
158
159        <service
159-->[:firebase_messaging] AndroidManifest.xml:16:9-19:72
160            android:name="io.flutter.plugins.firebase.messaging.FlutterFirebaseMessagingBackgroundService"
160-->[:firebase_messaging] AndroidManifest.xml:17:13-107
161            android:exported="false"
161-->[:firebase_messaging] AndroidManifest.xml:18:13-37
162            android:permission="android.permission.BIND_JOB_SERVICE" />
162-->[:firebase_messaging] AndroidManifest.xml:19:13-69
163        <service
163-->[:firebase_messaging] AndroidManifest.xml:20:9-26:19
164            android:name="io.flutter.plugins.firebase.messaging.FlutterFirebaseMessagingService"
164-->[:firebase_messaging] AndroidManifest.xml:21:13-97
165            android:exported="false" >
165-->[:firebase_messaging] AndroidManifest.xml:22:13-37
166            <intent-filter>
166-->[:firebase_messaging] AndroidManifest.xml:23:13-25:29
167                <action android:name="com.google.firebase.MESSAGING_EVENT" />
167-->[:firebase_messaging] AndroidManifest.xml:24:17-78
167-->[:firebase_messaging] AndroidManifest.xml:24:25-75
168            </intent-filter>
169        </service>
170
171        <receiver
171-->[:firebase_messaging] AndroidManifest.xml:28:9-35:20
172            android:name="io.flutter.plugins.firebase.messaging.FlutterFirebaseMessagingReceiver"
172-->[:firebase_messaging] AndroidManifest.xml:29:13-98
173            android:exported="true"
173-->[:firebase_messaging] AndroidManifest.xml:30:13-36
174            android:permission="com.google.android.c2dm.permission.SEND" >
174-->[:firebase_messaging] AndroidManifest.xml:31:13-73
175            <intent-filter>
175-->[:firebase_messaging] AndroidManifest.xml:32:13-34:29
176                <action android:name="com.google.android.c2dm.intent.RECEIVE" />
176-->[:firebase_messaging] AndroidManifest.xml:33:17-81
176-->[:firebase_messaging] AndroidManifest.xml:33:25-78
177            </intent-filter>
178        </receiver>
179
180        <service
180-->[:firebase_messaging] AndroidManifest.xml:37:9-41:19
181            android:name="com.google.firebase.components.ComponentDiscoveryService"
181-->[:firebase_messaging] AndroidManifest.xml:37:18-89
182            android:directBootAware="true"
182-->[com.google.firebase:firebase-common:20.3.0] AndroidManifest.xml:34:13-43
183            android:exported="false" >
183-->[com.google.firebase:firebase-messaging:23.1.1] AndroidManifest.xml:54:13-37
184            <meta-data
184-->[:firebase_messaging] AndroidManifest.xml:38:13-40:85
185                android:name="com.google.firebase.components:io.flutter.plugins.firebase.messaging.FlutterFirebaseAppRegistrar"
185-->[:firebase_messaging] AndroidManifest.xml:39:17-128
186                android:value="com.google.firebase.components.ComponentRegistrar" />
186-->[:firebase_messaging] AndroidManifest.xml:40:17-82
187            <meta-data
187-->[:firebase_core] AndroidManifest.xml:11:13-13:85
188                android:name="com.google.firebase.components:io.flutter.plugins.firebase.core.FlutterFirebaseCoreRegistrar"
188-->[:firebase_core] AndroidManifest.xml:12:17-124
189                android:value="com.google.firebase.components.ComponentRegistrar" />
189-->[:firebase_core] AndroidManifest.xml:13:17-82
190            <meta-data
190-->[com.google.firebase:firebase-messaging:23.1.1] AndroidManifest.xml:55:13-57:85
191                android:name="com.google.firebase.components:com.google.firebase.messaging.FirebaseMessagingRegistrar"
191-->[com.google.firebase:firebase-messaging:23.1.1] AndroidManifest.xml:56:17-119
192                android:value="com.google.firebase.components.ComponentRegistrar" />
192-->[com.google.firebase:firebase-messaging:23.1.1] AndroidManifest.xml:57:17-82
193            <meta-data
193-->[com.google.android.gms:play-services-measurement-api:21.2.0] AndroidManifest.xml:31:13-33:85
194                android:name="com.google.firebase.components:com.google.firebase.analytics.connector.internal.AnalyticsConnectorRegistrar"
194-->[com.google.android.gms:play-services-measurement-api:21.2.0] AndroidManifest.xml:32:17-139
195                android:value="com.google.firebase.components.ComponentRegistrar" />
195-->[com.google.android.gms:play-services-measurement-api:21.2.0] AndroidManifest.xml:33:17-82
196            <meta-data
196-->[com.google.firebase:firebase-datatransport:18.1.7] AndroidManifest.xml:27:13-29:85
197                android:name="com.google.firebase.components:com.google.firebase.datatransport.TransportRegistrar"
197-->[com.google.firebase:firebase-datatransport:18.1.7] AndroidManifest.xml:28:17-115
198                android:value="com.google.firebase.components.ComponentRegistrar" />
198-->[com.google.firebase:firebase-datatransport:18.1.7] AndroidManifest.xml:29:17-82
199            <meta-data
199-->[com.google.firebase:firebase-iid:21.1.0] AndroidManifest.xml:32:13-34:85
200                android:name="com.google.firebase.components:com.google.firebase.iid.Registrar"
200-->[com.google.firebase:firebase-iid:21.1.0] AndroidManifest.xml:33:17-96
201                android:value="com.google.firebase.components.ComponentRegistrar" />
201-->[com.google.firebase:firebase-iid:21.1.0] AndroidManifest.xml:34:17-82
202            <meta-data
202-->[com.google.firebase:firebase-installations:17.1.2] AndroidManifest.xml:17:13-19:85
203                android:name="com.google.firebase.components:com.google.firebase.installations.FirebaseInstallationsRegistrar"
203-->[com.google.firebase:firebase-installations:17.1.2] AndroidManifest.xml:18:17-127
204                android:value="com.google.firebase.components.ComponentRegistrar" />
204-->[com.google.firebase:firebase-installations:17.1.2] AndroidManifest.xml:19:17-82
205        </service>
206
207        <provider
207-->[:firebase_messaging] AndroidManifest.xml:43:9-47:38
208            android:name="io.flutter.plugins.firebase.messaging.FlutterFirebaseMessagingInitProvider"
208-->[:firebase_messaging] AndroidManifest.xml:44:13-102
209            android:authorities="com.magadh.marketing.flutterfirebasemessaginginitprovider"
209-->[:firebase_messaging] AndroidManifest.xml:45:13-88
210            android:exported="false"
210-->[:firebase_messaging] AndroidManifest.xml:46:13-37
211            android:initOrder="99" />
211-->[:firebase_messaging] AndroidManifest.xml:47:13-35
212
213        <service
213-->[:geolocator_android] AndroidManifest.xml:12:9-16:56
214            android:name="com.baseflow.geolocator.GeolocatorLocationService"
214-->[:geolocator_android] AndroidManifest.xml:13:13-77
215            android:enabled="true"
215-->[:geolocator_android] AndroidManifest.xml:14:13-35
216            android:exported="false"
216-->[:geolocator_android] AndroidManifest.xml:15:13-37
217            android:foregroundServiceType="location" />
217-->[:geolocator_android] AndroidManifest.xml:16:13-53
218
219        <receiver
219-->[:flutter_local_notifications] AndroidManifest.xml:16:9-18:40
220            android:name="com.dexterous.flutterlocalnotifications.ScheduledNotificationReceiver"
220-->[:flutter_local_notifications] AndroidManifest.xml:17:13-97
221            android:exported="false" />
221-->[:flutter_local_notifications] AndroidManifest.xml:18:13-37
222        <receiver
222-->[:assets_audio_player] AndroidManifest.xml:14:9-16:39
223            android:name="com.github.florent37.assets_audio_player.notification.NotificationActionReceiver"
223-->[:assets_audio_player] AndroidManifest.xml:15:13-108
224            android:exported="true" />
224-->[:assets_audio_player] AndroidManifest.xml:16:13-36
225        <receiver
225-->[:assets_audio_player] AndroidManifest.xml:17:9-23:20
226            android:name="com.github.florent37.assets_audio_player.notification.CustomMediaButtonReceiver"
226-->[:assets_audio_player] AndroidManifest.xml:18:13-107
227            android:exported="true" >
227-->[:assets_audio_player] AndroidManifest.xml:19:13-36
228            <intent-filter>
228-->[:assets_audio_player] AndroidManifest.xml:20:13-22:29
229                <action android:name="android.intent.action.MEDIA_BUTTON" />
229-->[:assets_audio_player] AndroidManifest.xml:21:17-77
229-->[:assets_audio_player] AndroidManifest.xml:21:25-74
230            </intent-filter>
231        </receiver>
232
233        <service
233-->[:assets_audio_player] AndroidManifest.xml:25:9-35:19
234            android:name="com.github.florent37.assets_audio_player.notification.NotificationService"
234-->[:assets_audio_player] AndroidManifest.xml:26:13-101
235            android:enabled="true"
235-->[:assets_audio_player] AndroidManifest.xml:27:13-35
236            android:exported="true" >
236-->[:assets_audio_player] AndroidManifest.xml:28:13-36
237
238            <!--
239            <intent-filter>
240                <action android:name="android.intent.action.MEDIA_BUTTON" />
241            </intent-filter>
242            -->
243        </service>
244        <service
244-->[:flutter_background_service_android] AndroidManifest.xml:14:9-18:44
245            android:name="id.flutter.flutter_background_service.BackgroundService"
245-->[:flutter_background_service_android] AndroidManifest.xml:15:13-83
246            android:enabled="true"
246-->[:flutter_background_service_android] AndroidManifest.xml:16:13-35
247            android:exported="true"
247-->[:flutter_background_service_android] AndroidManifest.xml:17:13-36
248            android:stopWithTask="false" />
248-->[:flutter_background_service_android] AndroidManifest.xml:18:13-41
249
250        <receiver
250-->[:flutter_background_service_android] AndroidManifest.xml:20:9-23:39
251            android:name="id.flutter.flutter_background_service.WatchdogReceiver"
251-->[:flutter_background_service_android] AndroidManifest.xml:21:13-82
252            android:enabled="true"
252-->[:flutter_background_service_android] AndroidManifest.xml:22:13-35
253            android:exported="true" />
253-->[:flutter_background_service_android] AndroidManifest.xml:23:13-36
254        <receiver
254-->[:flutter_background_service_android] AndroidManifest.xml:24:9-32:20
255            android:name="id.flutter.flutter_background_service.BootReceiver"
255-->[:flutter_background_service_android] AndroidManifest.xml:25:13-78
256            android:enabled="true"
256-->[:flutter_background_service_android] AndroidManifest.xml:26:13-35
257            android:exported="true" >
257-->[:flutter_background_service_android] AndroidManifest.xml:27:13-36
258            <intent-filter>
258-->[:flutter_background_service_android] AndroidManifest.xml:28:13-31:29
259                <action android:name="android.intent.action.BOOT_COMPLETED" />
259-->[:flutter_local_notifications] AndroidManifest.xml:23:17-79
259-->[:flutter_local_notifications] AndroidManifest.xml:23:25-76
260                <action android:name="android.intent.action.QUICKBOOT_POWERON" />
260-->[:flutter_local_notifications] AndroidManifest.xml:25:17-82
260-->[:flutter_local_notifications] AndroidManifest.xml:25:25-79
261            </intent-filter>
262        </receiver>
263
264        <provider
264-->[:image_picker_android] AndroidManifest.xml:10:9-18:20
265            android:name="io.flutter.plugins.imagepicker.ImagePickerFileProvider"
265-->[:image_picker_android] AndroidManifest.xml:11:13-82
266            android:authorities="com.magadh.marketing.flutter.image_provider"
266-->[:image_picker_android] AndroidManifest.xml:12:13-74
267            android:exported="false"
267-->[:image_picker_android] AndroidManifest.xml:13:13-37
268            android:grantUriPermissions="true" >
268-->[:image_picker_android] AndroidManifest.xml:14:13-47
269            <meta-data
269-->[:image_picker_android] AndroidManifest.xml:15:13-17:75
270                android:name="android.support.FILE_PROVIDER_PATHS"
270-->[:image_picker_android] AndroidManifest.xml:16:17-67
271                android:resource="@xml/flutter_image_picker_file_paths" />
271-->[:image_picker_android] AndroidManifest.xml:17:17-72
272        </provider>
273
274        <activity
274-->[:url_launcher_android] AndroidManifest.xml:10:9-13:74
275            android:name="io.flutter.plugins.urllauncher.WebViewActivity"
275-->[:url_launcher_android] AndroidManifest.xml:11:13-74
276            android:exported="false"
276-->[:url_launcher_android] AndroidManifest.xml:12:13-37
277            android:theme="@android:style/Theme.NoTitleBar.Fullscreen" />
277-->[:url_launcher_android] AndroidManifest.xml:13:13-71
278
279        <service
279-->[:location] AndroidManifest.xml:13:9-17:56
280            android:name="com.lyokone.location.FlutterLocationService"
280-->[:location] AndroidManifest.xml:14:13-71
281            android:enabled="true"
281-->[:location] AndroidManifest.xml:15:13-35
282            android:exported="false"
282-->[:location] AndroidManifest.xml:16:13-37
283            android:foregroundServiceType="location" /> <!-- Needs to be explicitly declared on P+ -->
283-->[:location] AndroidManifest.xml:17:13-53
284        <uses-library
284-->[com.google.android.gms:play-services-maps:18.1.0] AndroidManifest.xml:39:9-41:40
285            android:name="org.apache.http.legacy"
285-->[com.google.android.gms:play-services-maps:18.1.0] AndroidManifest.xml:40:13-50
286            android:required="false" />
286-->[com.google.android.gms:play-services-maps:18.1.0] AndroidManifest.xml:41:13-37
287
288        <receiver
288-->[com.google.firebase:firebase-messaging:23.1.1] AndroidManifest.xml:31:9-38:20
289            android:name="com.google.firebase.iid.FirebaseInstanceIdReceiver"
289-->[com.google.firebase:firebase-messaging:23.1.1] AndroidManifest.xml:32:13-78
290            android:exported="true"
290-->[com.google.firebase:firebase-messaging:23.1.1] AndroidManifest.xml:33:13-36
291            android:permission="com.google.android.c2dm.permission.SEND" >
291-->[com.google.firebase:firebase-messaging:23.1.1] AndroidManifest.xml:34:13-73
292            <intent-filter>
292-->[:firebase_messaging] AndroidManifest.xml:32:13-34:29
293                <action android:name="com.google.android.c2dm.intent.RECEIVE" />
293-->[:firebase_messaging] AndroidManifest.xml:33:17-81
293-->[:firebase_messaging] AndroidManifest.xml:33:25-78
294            </intent-filter>
295        </receiver>
296        <!--
297             FirebaseMessagingService performs security checks at runtime,
298             but set to not exported to explicitly avoid allowing another app to call it.
299        -->
300        <service
300-->[com.google.firebase:firebase-messaging:23.1.1] AndroidManifest.xml:44:9-51:19
301            android:name="com.google.firebase.messaging.FirebaseMessagingService"
301-->[com.google.firebase:firebase-messaging:23.1.1] AndroidManifest.xml:45:13-82
302            android:directBootAware="true"
302-->[com.google.firebase:firebase-messaging:23.1.1] AndroidManifest.xml:46:13-43
303            android:exported="false" >
303-->[com.google.firebase:firebase-messaging:23.1.1] AndroidManifest.xml:47:13-37
304            <intent-filter android:priority="-500" >
304-->[:firebase_messaging] AndroidManifest.xml:23:13-25:29
305                <action android:name="com.google.firebase.MESSAGING_EVENT" />
305-->[:firebase_messaging] AndroidManifest.xml:24:17-78
305-->[:firebase_messaging] AndroidManifest.xml:24:25-75
306            </intent-filter>
307        </service>
308
309        <provider
309-->[com.google.firebase:firebase-common:20.3.0] AndroidManifest.xml:25:9-30:39
310            android:name="com.google.firebase.provider.FirebaseInitProvider"
310-->[com.google.firebase:firebase-common:20.3.0] AndroidManifest.xml:26:13-77
311            android:authorities="com.magadh.marketing.firebaseinitprovider"
311-->[com.google.firebase:firebase-common:20.3.0] AndroidManifest.xml:27:13-72
312            android:directBootAware="true"
312-->[com.google.firebase:firebase-common:20.3.0] AndroidManifest.xml:28:13-43
313            android:exported="false"
313-->[com.google.firebase:firebase-common:20.3.0] AndroidManifest.xml:29:13-37
314            android:initOrder="100" />
314-->[com.google.firebase:firebase-common:20.3.0] AndroidManifest.xml:30:13-36
315
316        <receiver
316-->[com.google.android.gms:play-services-measurement:21.2.0] AndroidManifest.xml:29:9-33:20
317            android:name="com.google.android.gms.measurement.AppMeasurementReceiver"
317-->[com.google.android.gms:play-services-measurement:21.2.0] AndroidManifest.xml:30:13-85
318            android:enabled="true"
318-->[com.google.android.gms:play-services-measurement:21.2.0] AndroidManifest.xml:31:13-35
319            android:exported="false" >
319-->[com.google.android.gms:play-services-measurement:21.2.0] AndroidManifest.xml:32:13-37
320        </receiver>
321
322        <service
322-->[com.google.android.gms:play-services-measurement:21.2.0] AndroidManifest.xml:35:9-38:40
323            android:name="com.google.android.gms.measurement.AppMeasurementService"
323-->[com.google.android.gms:play-services-measurement:21.2.0] AndroidManifest.xml:36:13-84
324            android:enabled="true"
324-->[com.google.android.gms:play-services-measurement:21.2.0] AndroidManifest.xml:37:13-35
325            android:exported="false" />
325-->[com.google.android.gms:play-services-measurement:21.2.0] AndroidManifest.xml:38:13-37
326        <service
326-->[com.google.android.gms:play-services-measurement:21.2.0] AndroidManifest.xml:39:9-43:72
327            android:name="com.google.android.gms.measurement.AppMeasurementJobService"